<?xml version="1.0" encoding="UTF-8"?>
<testsuite xmlns:xsi="http://www.w3.org/2001/XMLSchema-instance" xsi:noNamespaceSchemaLocation="https://maven.apache.org/surefire/maven-surefire-plugin/xsd/surefire-test-report.xsd" name="com.c.sample.jdbc.CalcPerformTest" time="0.246" tests="3" errors="0" skipped="0" failures="0">
  <properties>
[...]
</properties>
  <testcase name="testSub" classname="com.c.sample.jdbc.CalcPerformTest" time="0.191"/>
  <testcase name="calcPtest" classname="com.c.sample.jdbc.CalcPerformTest" time="0"/>
  <testcase name="testMultiply" classname="com.c.sample.jdbc.CalcPerformTest" time="0"/>
</testsuite>